<?xml version="1.0" encoding="UTF-8"?>
<!-- Generated by org.testng.reporters.JUnitReportReporter -->
<testsuite hostname="DESKTOP-TR9CLTB" failures="0" tests="1" name="SampleMaven.DemoTest" time="0.030" errors="0" timestamp="2023-07-06T10:55:40 IST" skipped="0">
  <testcase classname="SampleMaven.DemoTest" name="d1Test" time="0.030"/>
</testsuite> <!-- SampleMaven.DemoTest -->
