<?xml version="1.0" encoding="UTF-8"?>
<!-- Generated by org.testng.reporters.JUnitReportReporter -->
<testsuite hostname="DESKTOP-TR9CLTB" failures="0" tests="3" name="DATAProvider.DataProviderEX2" time="123.386" errors="0" timestamp="2023-06-27T12:18:15 IST" skipped="0">
  <testcase classname="DATAProvider.DataProviderEX2" name="m1" time="63.428"/>
  <testcase classname="DATAProvider.DataProviderEX2" name="m1" time="29.189"/>
  <testcase classname="DATAProvider.DataProviderEX2" name="m1" time="30.769"/>
</testsuite> <!-- DATAProvider.DataProviderEX2 -->
