<?xml version="1.0" encoding="UTF-8"?>
<!-- Generated by org.testng.reporters.JUnitReportReporter -->
<testsuite hostname="DESKTOP-TR9CLTB" failures="0" tests="1" name="SAMPLEEMAVEN.DEMOTest" time="0.019" errors="0" timestamp="2023-07-06T10:44:03 IST" skipped="0">
  <testcase classname="SAMPLEEMAVEN.DEMOTest" name="d1Test" time="0.019"/>
</testsuite> <!-- SAMPLEEMAVEN.DEMOTest -->
