<?xml version="1.0" encoding="UTF-8"?>
<!-- Generated by org.testng.reporters.JUnitReportReporter -->
<testsuite hostname="DESKTOP-TR9CLTB" failures="0" tests="2" name="DATAProvider.DataproviderEX" time="0.037" errors="0" timestamp="2023-06-27T11:02:48 IST" skipped="0">
  <testcase classname="DATAProvider.DataproviderEX" name="bookTickets" time="0.033"/>
  <testcase classname="DATAProvider.DataproviderEX" name="bookTickets" time="0.004"/>
</testsuite> <!-- DATAProvider.DataproviderEX -->
